[debug] [2017-10-21T08:32:35.913Z] ----------------------------------------------------------------------
[debug] [2017-10-21T08:32:35.913Z] Command:       D:\_node\node.exe C:\Users\Jose\AppData\Roaming\npm\node_modules\firebase-tools\bin\firebase serve
[debug] [2017-10-21T08:32:35.913Z] CLI Version:   3.10.0
[debug] [2017-10-21T08:32:35.913Z] Platform:      win32
[debug] [2017-10-21T08:32:35.913Z] Node Version:  v8.4.0
[debug] [2017-10-21T08:32:35.913Z] Time:          Sat Oct 21 2017 10:32:35 GMT+0200 (Hora de verano romance)
[debug] [2017-10-21T08:32:35.913Z] ----------------------------------------------------------------------
[debug] 
[debug] [2017-10-21T08:32:35.929Z] > command requires scopes: ["email","openid","https://www.googleapis.com/auth/cloudplatformprojects.readonly","https://www.googleapis.com/auth/firebase","https://www.googleapis.com/auth/cloud-platform"]
[debug] [2017-10-21T08:32:35.929Z] > authorizing via signed-in user
[debug] [2017-10-21T08:32:35.929Z] >>> HTTP REQUEST GET https://admin.firebase.com/v1/projects/nomina-6e781  
 Sat Oct 21 2017 10:32:35 GMT+0200 (Hora de verano romance)
[debug] [2017-10-21T08:32:37.084Z] <<< HTTP RESPONSE 200
[debug] [2017-10-21T08:32:37.086Z] >>> HTTP REQUEST GET https://admin.firebase.com/v1/database/nomina-6e781/tokens  
 Sat Oct 21 2017 10:32:37 GMT+0200 (Hora de verano romance)
[debug] [2017-10-21T08:32:38.046Z] <<< HTTP RESPONSE 200
[info] 
[info] === Serving from 'D:\gitclones2\nomina-web'...
[info] 
[debug] [2017-10-21T08:32:38.046Z] >>> HTTP REQUEST GET https://cloudresourcemanager.googleapis.com/v1/projects/nomina-6e781  
 Sat Oct 21 2017 10:32:38 GMT+0200 (Hora de verano romance)
[debug] [2017-10-21T08:32:39.208Z] <<< HTTP RESPONSE 200
[debug] [2017-10-21T08:32:39.208Z] >>> HTTP REQUEST GET https://mobilesdk-pa.googleapis.com/v1/projects/984370076661/clients/_:getWebAppConfig  
 Sat Oct 21 2017 10:32:39 GMT+0200 (Hora de verano romance)
[debug] [2017-10-21T08:32:40.125Z] <<< HTTP RESPONSE 200
[info] i  hosting: Serving hosting files from: public
[info] +  hosting: Local server: http://localhost:5000

